2019-05-05 7:46:18 - PHP Warning:  unlink(/www/wwwroot/shopoes.com/system/storage/cache/cache.catalog.language.1557045977): No such file or directory in /www/wwwroot/shopoes.com/system/library/cache/file.php on line 68
2019-05-05 7:46:23 - PHP Warning:  unlink(/www/wwwroot/shopoes.com/system/storage/cache/cache.catalog.language.1557045981): No such file or directory in /www/wwwroot/shopoes.com/system/library/cache/file.php on line 68
2019-05-05 7:46:26 - PHP Warning:  unlink(/www/wwwroot/shopoes.com/system/storage/cache/cache.catalog.language.1557045986): No such file or directory in /www/wwwroot/shopoes.com/system/library/cache/file.php on line 68
2019-05-06 21:47:55 - PHP Notice:  Undefined index: path in /www/wwwroot/shopoes.com/catalog/model/journal3/filter.php on line 50
2019-05-06 21:48:05 - PHP Notice:  Undefined index: path in /www/wwwroot/shopoes.com/catalog/model/journal3/filter.php on line 50
2019-05-06 21:48:16 - PHP Notice:  Undefined index: path in /www/wwwroot/shopoes.com/catalog/model/journal3/filter.php on line 50
2019-05-06 21:48:39 - PHP Notice:  Undefined index: path in /www/wwwroot/shopoes.com/catalog/model/journal3/filter.php on line 50
2019-05-06 21:49:11 - PHP Notice:  Undefined index: path in /www/wwwroot/shopoes.com/catalog/model/journal3/filter.php on line 50
2019-05-06 21:49:31 - PHP Notice:  Undefined index: path in /www/wwwroot/shopoes.com/catalog/model/journal3/filter.php on line 50
2019-05-06 21:49:33 - PHP Notice:  Undefined index: path in /www/wwwroot/shopoes.com/catalog/model/journal3/filter.php on line 50
2019-05-06 21:49:58 - PHP Notice:  Undefined index: path in /www/wwwroot/shopoes.com/catalog/model/journal3/filter.php on line 50
2019-05-06 21:50:03 - PHP Notice:  Undefined index: path in /www/wwwroot/shopoes.com/catalog/model/journal3/filter.php on line 50
2019-05-07 2:05:04 - PHP Warning:  unlink(/www/wwwroot/shopoes.com/system/storage/cache/cache.catalog.language.1557198304): No such file or directory in /www/wwwroot/shopoes.com/system/library/cache/file.php on line 68
2019-05-07 2:05:09 - PHP Warning:  unlink(/www/wwwroot/shopoes.com/system/storage/cache/cache.catalog.language.1557198309): No such file or directory in /www/wwwroot/shopoes.com/system/library/cache/file.php on line 68
2019-05-07 2:06:07 - PHP Warning:  unlink(/www/wwwroot/shopoes.com/storage/cache/cache.catalog.language.1557198336): No such file or directory in /www/wwwroot/shopoes.com/system/library/cache/file.php on line 68
2019-05-07 2:08:49 - PHP Warning:  unlink(/www/wwwroot/shopoes.com/storage/cache/cache.catalog.language.1557198529): No such file or directory in /www/wwwroot/shopoes.com/system/library/cache/file.php on line 68
2019-05-07 2:09:10 - PHP Warning:  unlink(/www/wwwroot/shopoes.com/storage/cache/cache.catalog.language.1557198549): No such file or directory in /www/wwwroot/shopoes.com/system/library/cache/file.php on line 68
2019-05-07 2:11:33 - PHP Warning:  unlink(/www/wwwroot/shopoes.com/storage/cache/cache.catalog.language.1557198614): No such file or directory in /www/wwwroot/shopoes.com/system/library/cache/file.php on line 68
2019-05-07 2:16:00 - PHP Warning:  unlink(/www/wwwroot/shopoes.com/storage/cache/cache.catalog.language.1557198960): No such file or directory in /www/wwwroot/shopoes.com/system/library/cache/file.php on line 68
2019-05-07 3:16:34 - PHP Warning:  unlink(/www/wwwroot/shopoes.com/storage/cache/cache.catalog.language.1557202594): No such file or directory in /www/wwwroot/shopoes.com/system/library/cache/file.php on line 68
2019-05-07 3:16:36 - PHP Warning:  unlink(/www/wwwroot/shopoes.com/storage/cache/cache.catalog.language.1557202594): No such file or directory in /www/wwwroot/shopoes.com/system/library/cache/file.php on line 68
2019-05-07 3:16:44 - PHP Warning:  unlink(/www/wwwroot/shopoes.com/storage/cache/cache.catalog.language.1557202604): No such file or directory in /www/wwwroot/shopoes.com/system/library/cache/file.php on line 68
2019-05-07 3:16:58 - PHP Warning:  unlink(/www/wwwroot/shopoes.com/storage/cache/cache.catalog.language.1557202617): No such file or directory in /www/wwwroot/shopoes.com/system/library/cache/file.php on line 68
2019-05-07 3:21:28 - PHP Warning:  unlink(/www/wwwroot/shopoes.com/storage/cache/cache.catalog.language.1557202868): No such file or directory in /www/wwwroot/shopoes.com/system/library/cache/file.php on line 68
2019-05-07 3:24:25 - PHP Warning:  unlink(/www/wwwroot/shopoes.com/storage/cache/cache.catalog.language.1557203064): No such file or directory in /www/wwwroot/shopoes.com/system/library/cache/file.php on line 68
2019-05-07 3:25:52 - PHP Warning:  unlink(/www/wwwroot/shopoes.com/storage/cache/cache.catalog.language.1557203151): No such file or directory in /www/wwwroot/shopoes.com/system/library/cache/file.php on line 68
2019-05-07 3:31:24 - PHP Warning:  unlink(/www/wwwroot/shopoes.com/storage/cache/cache.catalog.language.1557203483): No such file or directory in /www/wwwroot/shopoes.com/system/library/cache/file.php on line 68
2019-05-07 3:36:22 - PHP Warning:  unlink(/www/wwwroot/shopoes.com/storage/cache/cache.catalog.language.1557203780): No such file or directory in /www/wwwroot/shopoes.com/system/library/cache/file.php on line 68
2019-05-07 3:37:45 - PHP Warning:  unlink(/www/wwwroot/shopoes.com/storage/cache/cache.catalog.language.1557203865): No such file or directory in /www/wwwroot/shopoes.com/system/library/cache/file.php on line 68
2019-05-07 8:37:28 - PHP Warning:  unlink(/www/wwwroot/shopoes.com/storage/cache/cache.catalog.language.1557221848): No such file or directory in /www/wwwroot/shopoes.com/system/library/cache/file.php on line 68
2019-05-07 9:06:53 - PHP Warning:  unlink(/www/wwwroot/shopoes.com/storage/cache/cache.catalog.language.1557223610): No such file or directory in /www/wwwroot/shopoes.com/system/library/cache/file.php on line 68
2019-05-07 9:06:53 - PHP Warning:  unlink(/www/wwwroot/shopoes.com/storage/cache/cache.catalog.language.1557223613): No such file or directory in /www/wwwroot/shopoes.com/system/library/cache/file.php on line 68
2019-05-07 9:06:55 - PHP Warning:  unlink(/www/wwwroot/shopoes.com/storage/cache/cache.catalog.language.1557223613): No such file or directory in /www/wwwroot/shopoes.com/system/library/cache/file.php on line 68
2019-05-07 9:07:47 - PHP Warning:  unlink(/www/wwwroot/shopoes.com/storage/cache/cache.catalog.language.1557223667): No such file or directory in /www/wwwroot/shopoes.com/system/library/cache/file.php on line 68
2019-05-07 9:11:45 - PHP Warning:  unlink(/www/wwwroot/shopoes.com/storage/cache/cache.catalog.language.1557223905): No such file or directory in /www/wwwroot/shopoes.com/system/library/cache/file.php on line 68
2019-05-21 10:06:11 - PHP Warning:  count(): Parameter must be an array or an object that implements Countable in C:\Users\ar\Documents\PHP\shopoes\system\library\template\Twig\Node\Module.php on line 346
2019-05-21 10:06:20 - PHP Warning:  count(): Parameter must be an array or an object that implements Countable in C:\Users\ar\Documents\PHP\shopoes\system\library\template\Twig\Node\Module.php on line 346
2019-05-21 10:06:21 - PHP Warning:  count(): Parameter must be an array or an object that implements Countable in C:\Users\ar\Documents\PHP\shopoes\system\library\template\Twig\Node\Module.php on line 346
2019-05-21 10:08:25 - PHP Warning:  mysqli::__construct(): (HY000/1045): Access denied for user 'shopoes'@'localhost' (using password: YES) in C:\Users\ar\Documents\PHP\shopoes\system\library\db\mysqli.php on line 7
2019-05-21 10:08:25 - PHP Warning:  DB\MySQLi::__construct(): Couldn't fetch mysqli in C:\Users\ar\Documents\PHP\shopoes\system\library\db\mysqli.php on line 10
2019-05-21 10:08:25 - PHP Warning:  DB\MySQLi::__construct(): Couldn't fetch mysqli in C:\Users\ar\Documents\PHP\shopoes\system\library\db\mysqli.php on line 10
2019-05-21 10:10:09 - PHP Warning:  mysqli::__construct(): (HY000/1045): Access denied for user 'shopoes'@'localhost' (using password: YES) in C:\Users\ar\Documents\PHP\shopoes\system\library\db\mysqli.php on line 7
2019-05-21 10:10:09 - PHP Warning:  DB\MySQLi::__construct(): Couldn't fetch mysqli in C:\Users\ar\Documents\PHP\shopoes\system\library\db\mysqli.php on line 10
2019-05-21 10:10:09 - PHP Warning:  DB\MySQLi::__construct(): Couldn't fetch mysqli in C:\Users\ar\Documents\PHP\shopoes\system\library\db\mysqli.php on line 10
2019-05-21 10:32:12 - PHP Warning:  count(): Parameter must be an array or an object that implements Countable in C:\Users\ar\Documents\PHP\shopoes\system\library\template\Twig\Node\Module.php on line 346
2019-05-21 10:43:25 - PHP Warning:  count(): Parameter must be an array or an object that implements Countable in C:\Users\ar\Documents\PHP\shopoes\system\library\template\Twig\Node\Module.php on line 346
2019-05-21 11:27:06 - PHP Warning:  count(): Parameter must be an array or an object that implements Countable in C:\Users\ar\Documents\PHP\shopoes\system\library\template\Twig\Node\Module.php on line 346
